<!DOCTYPE html PUBLIC "-//W3C//DTD XHTML 1.1//EN" "http://www.w3.org/TR/xhtml11/DTD/xhtml11.dtd">
<html xmlns="http://www.w3.org/1999/xhtml">
<head>
<meta http-equiv="content-type" content="text/html; charset=UTF-8"/>
<title>TestNG Report</title>
<style type="text/css">table {margin-bottom:10px;border-collapse:collapse;empty-cells:show}th,td {border:1px solid #009;padding:.25em .5em}th {vertical-align:bottom}td {vertical-align:top}table a {font-weight:bold}.stripe td {background-color: #E6EBF9}.num {text-align:right}.passedodd td {background-color: #3F3}.passedeven td {background-color: #0A0}.skippedodd td {background-color: #DDD}.skippedeven td {background-color: #CCC}.failedodd td,.attn {background-color: #F33}.failedeven td,.stripe .attn {background-color: #D00}.stacktrace {white-space:pre;font-family:monospace}.totop {font-size:85%;text-align:center;border-bottom:2px solid #000}.invisible {display:none}</style>
</head>
<body>
<table>
<tr><th>Test</th><th># Passed</th><th># Skipped</th><th># Failed</th><th>Time (ms)</th><th>Included Groups</th><th>Excluded Groups</th></tr>
<tr><th colspan="7">TestNG Session JayAutomation Suite</th></tr>
<tr><td><a href="#t0">TestNG Combo Googele Test Suite</a></td><td class="num">16</td><td class="num">0</td><td class="num attn">1</td><td class="num">41,645</td><td></td><td></td></tr>
</table>
<table id='summary'><thead><tr><th>Class</th><th>Method</th><th>Start</th><th>Time (ms)</th></tr></thead><tbody><tr><th colspan="4">TestNG Session JayAutomation Suite</th></tr></tbody><tbody id="t0"><tr><th colspan="4">TestNG Combo Googele Test Suite &#8212; failed</th></tr><tr class="failedeven"><td rowspan="1">com.test.GoogleTitleTest</td><td><a href="#m0">googleLogoTest</a></td><td rowspan="1">1577500415048</td><td rowspan="1">30043</td></tr><tr><th colspan="4">TestNG Combo Googele Test Suite &#8212; passed</th></tr><tr class="passedeven"><td rowspan="1">com.test.ExecptionTimeOutTest</td><td><a href="#m1">test1</a></td><td rowspan="1">1577500411424</td><td rowspan="1">3</td></tr><tr class="passedodd"><td rowspan="1">com.test.GoogleTitleTest</td><td><a href="#m2">googleTitleTest</a></td><td rowspan="1">1577500451307</td><td rowspan="1">8</td></tr><tr class="passedeven"><td rowspan="10">com.test.InvocationCountTest</td><td><a href="#m3">sum</a></td><td rowspan="10">1577500453041</td><td rowspan="10">1</td></tr><tr class="passedeven"><td><a href="#m4">sum</a></td></tr><tr class="passedeven"><td><a href="#m5">sum</a></td></tr><tr class="passedeven"><td><a href="#m6">sum</a></td></tr><tr class="passedeven"><td><a href="#m7">sum</a></td></tr><tr class="passedeven"><td><a href="#m8">sum</a></td></tr><tr class="passedeven"><td><a href="#m9">sum</a></td></tr><tr class="passedeven"><td><a href="#m10">sum</a></td></tr><tr class="passedeven"><td><a href="#m11">sum</a></td></tr><tr class="passedeven"><td><a href="#m12">sum</a></td></tr><tr class="passedodd"><td rowspan="3">com.test.TestNgBasics</td><td><a href="#m13">SearchTest</a></td><td rowspan="1">1577500453045</td><td rowspan="1">0</td></tr><tr class="passedodd"><td><a href="#m14">googleLogoTest</a></td><td rowspan="1">1577500453047</td><td rowspan="1">1</td></tr><tr class="passedodd"><td><a href="#m15">googleTitleTest</a></td><td rowspan="1">1577500453049</td><td rowspan="1">1</td></tr><tr class="passedeven"><td rowspan="1">com.test.TestNgFeatures</td><td><a href="#m16">loginTest</a></td><td rowspan="1">1577500453053</td><td rowspan="1">1</td></tr></tbody>
</table>
<h2>TestNG Combo Googele Test Suite</h2><h3 id="m0">com.test.GoogleTitleTest#googleLogoTest</h3><table class="result"><tr><th>Exception</th></tr><tr><td><div class="stacktrace">org.openqa.selenium.NoSuchElementException: Unable to locate element: #Googlelogo
For documentation on this error, please visit: https://www.seleniumhq.org/exceptions/no_such_element.html
Build info: version: &apos;3.141.59&apos;, revision: &apos;e82be7d358&apos;, time: &apos;2018-11-14T08:25:48&apos;
System info: host: &apos;Jewells-MacBook-Pro.local&apos;, ip: &apos;fe80:0:0:0:e8:d13d:3513:a095%en0&apos;, os.name: &apos;Mac OS X&apos;, os.arch: &apos;x86_64&apos;, os.version: &apos;10.15.2&apos;, java.version: &apos;1.8.0_201&apos;
Driver info: org.openqa.selenium.firefox.FirefoxDriver
Capabilities {acceptInsecureCerts: true, browserName: firefox, browserVersion: 71.0, javascriptEnabled: true, moz:accessibilityChecks: false, moz:buildID: 20191202093317, moz:geckodriverVersion: 0.23.0, moz:headless: false, moz:processID: 2896, moz:profile: /var/folders/69/wvcn82r17px..., moz:shutdownTimeout: 60000, moz:useNonSpecCompliantPointerOrigin: false, moz:webdriverClick: true, pageLoadStrategy: normal, platform: MAC, platformName: MAC, platformVersion: 19.2.0, rotatable: false, setWindowRect: true, strictFileInteractability: false, timeouts: {implicit: 0, pageLoad: 300000, script: 30000}, unhandledPromptBehavior: dismiss and notify}
Session ID: 66b4f6d9-14b5-6c4f-b7f8-bd0bd48b47b5
*** Element info: {Using=id, value=Googlelogo}
	at org.openqa.selenium.remote.http.W3CHttpResponseCodec.createException(W3CHttpResponseCodec.java:187)
	at org.openqa.selenium.remote.http.W3CHttpResponseCodec.decode(W3CHttpResponseCodec.java:122)
	at org.openqa.selenium.remote.http.W3CHttpResponseCodec.decode(W3CHttpResponseCodec.java:49)
	at org.openqa.selenium.remote.HttpCommandExecutor.execute(HttpCommandExecutor.java:158)
	at org.openqa.selenium.remote.service.DriverCommandExecutor.execute(DriverCommandExecutor.java:83)
	at org.openqa.selenium.remote.RemoteWebDriver.execute(RemoteWebDriver.java:552)
	at org.openqa.selenium.remote.RemoteWebDriver.findElement(RemoteWebDriver.java:323)
	at org.openqa.selenium.remote.RemoteWebDriver.findElementById(RemoteWebDriver.java:372)
	at org.openqa.selenium.By$ById.findElement(By.java:188)
	at org.openqa.selenium.remote.RemoteWebDriver.findElement(RemoteWebDriver.java:315)
	at com.test.GoogleTitleTest.googleLogoTest(GoogleTitleTest.java:53)
... Removed 29 stack frames</div></td></tr></table><p class="totop"><a href="#summary">back to summary</a></p>
<h3 id="m1">com.test.ExecptionTimeOutTest#test1</h3><table class="result"><tr><th>Expected Exception</th></tr><tr><td><div class="stacktrace">java.lang.NumberFormatException: For input string: &quot;100A&quot;
	at java.lang.NumberFormatException.forInputString(NumberFormatException.java:65)
	at java.lang.Integer.parseInt(Integer.java:580)
	at java.lang.Integer.parseInt(Integer.java:615)
	at com.test.ExecptionTimeOutTest.test1(ExecptionTimeOutTest.java:20)
... Removed 25 stack frames</div></td></tr></table><p class="totop"><a href="#summary">back to summary</a></p>
<h3 id="m2">com.test.GoogleTitleTest#googleTitleTest</h3><table class="result"><tr><th class="invisible"/></tr></table><p class="totop"><a href="#summary">back to summary</a></p>
<h3 id="m3">com.test.InvocationCountTest#sum</h3><table class="result"><tr><th class="invisible"/></tr></table><p class="totop"><a href="#summary">back to summary</a></p>
<h3 id="m4">com.test.InvocationCountTest#sum</h3><table class="result"><tr><th class="invisible"/></tr></table><p class="totop"><a href="#summary">back to summary</a></p>
<h3 id="m5">com.test.InvocationCountTest#sum</h3><table class="result"><tr><th class="invisible"/></tr></table><p class="totop"><a href="#summary">back to summary</a></p>
<h3 id="m6">com.test.InvocationCountTest#sum</h3><table class="result"><tr><th class="invisible"/></tr></table><p class="totop"><a href="#summary">back to summary</a></p>
<h3 id="m7">com.test.InvocationCountTest#sum</h3><table class="result"><tr><th class="invisible"/></tr></table><p class="totop"><a href="#summary">back to summary</a></p>
<h3 id="m8">com.test.InvocationCountTest#sum</h3><table class="result"><tr><th class="invisible"/></tr></table><p class="totop"><a href="#summary">back to summary</a></p>
<h3 id="m9">com.test.InvocationCountTest#sum</h3><table class="result"><tr><th class="invisible"/></tr></table><p class="totop"><a href="#summary">back to summary</a></p>
<h3 id="m10">com.test.InvocationCountTest#sum</h3><table class="result"><tr><th class="invisible"/></tr></table><p class="totop"><a href="#summary">back to summary</a></p>
<h3 id="m11">com.test.InvocationCountTest#sum</h3><table class="result"><tr><th class="invisible"/></tr></table><p class="totop"><a href="#summary">back to summary</a></p>
<h3 id="m12">com.test.InvocationCountTest#sum</h3><table class="result"><tr><th class="invisible"/></tr></table><p class="totop"><a href="#summary">back to summary</a></p>
<h3 id="m13">com.test.TestNgBasics#SearchTest</h3><table class="result"><tr><th class="invisible"/></tr></table><p class="totop"><a href="#summary">back to summary</a></p>
<h3 id="m14">com.test.TestNgBasics#googleLogoTest</h3><table class="result"><tr><th class="invisible"/></tr></table><p class="totop"><a href="#summary">back to summary</a></p>
<h3 id="m15">com.test.TestNgBasics#googleTitleTest</h3><table class="result"><tr><th class="invisible"/></tr></table><p class="totop"><a href="#summary">back to summary</a></p>
<h3 id="m16">com.test.TestNgFeatures#loginTest</h3><table class="result"><tr><th class="invisible"/></tr></table><p class="totop"><a href="#summary">back to summary</a></p>
</body>
</html>
